nohup: ignoring input
Not using distributed mode
[17:03:31.061508] job dir: /workspace/mae
[17:03:31.061758] Namespace(batch_size=128,
epochs=300,
accum_iter=1,
model='mae_vit_small_patch16',
input_size=96,
mask_ratio=0.75,
norm_pix_loss=True,
weight_decay=0.05,
lr=None,
blr=0.00015,
min_lr=0.0,
warmup_epochs=40,
data_path='/tmp/new_cache_dataset/train',
output_dir='/workspace/mae_output_small',
log_dir='./output_dir',
device='cuda',
seed=0,
resume='',
start_epoch=0,
num_workers=1,
pin_mem=True,
world_size=1,
local_rank=-1,
dist_on_itp=False,
dist_url='env://',
distributed=False)
[17:03:31.652926] <__main__.UnlabeledImageDataset object at 0x78919eed2db0>
[17:03:32.373139] Model = MaskedAutoencoderViT(
  (patch_embed): PatchEmbed(
    (proj): Conv2d(3, 384, kernel_size=(16, 16), stride=(16, 16))
    (norm): Identity()
  )
  (blocks): ModuleList(
    (0-11): 12 x Block(
      (norm1): LayerNorm((384,), eps=1e-06, elementwise_affine=True)
      (attn): Attention(
        (qkv): Linear(in_features=384, out_features=1152, bias=True)
        (q_norm): Identity()
        (k_norm): Identity()
        (attn_drop): Dropout(p=0.0, inplace=False)
        (proj): Linear(in_features=384, out_features=384, bias=True)
        (proj_drop): Dropout(p=0.0, inplace=False)
      )
      (ls1): Identity()
      (drop_path1): Identity()
      (norm2): LayerNorm((384,), eps=1e-06, elementwise_affine=True)
      (mlp): Mlp(
        (fc1): Linear(in_features=384, out_features=1536, bias=True)
        (act): GELU(approximate='none')
        (drop1): Dropout(p=0.0, inplace=False)
        (norm): Identity()
        (fc2): Linear(in_features=1536, out_features=384, bias=True)
        (drop2): Dropout(p=0.0, inplace=False)
      )
      (ls2): Identity()
      (drop_path2): Identity()
    )
  )
  (norm): LayerNorm((384,), eps=1e-06, elementwise_affine=True)
  (decoder_embed): Linear(in_features=384, out_features=512, bias=True)
  (decoder_blocks): ModuleList(
    (0-7): 8 x Block(
      (norm1): LayerNorm((512,), eps=1e-06, elementwise_affine=True)
      (attn): Attention(
        (qkv): Linear(in_features=512, out_features=1536, bias=True)
        (q_norm): Identity()
        (k_norm): Identity()
        (attn_drop): Dropout(p=0.0, inplace=False)
        (proj): Linear(in_features=512, out_features=512, bias=True)
        (proj_drop): Dropout(p=0.0, inplace=False)
      )
      (ls1): Identity()
      (drop_path1): Identity()
      (norm2): LayerNorm((512,), eps=1e-06, elementwise_affine=True)
      (mlp): Mlp(
        (fc1): Linear(in_features=512, out_features=2048, bias=True)
        (act): GELU(approximate='none')
        (drop1): Dropout(p=0.0, inplace=False)
        (norm): Identity()
        (fc2): Linear(in_features=2048, out_features=512, bias=True)
        (drop2): Dropout(p=0.0, inplace=False)
      )
      (ls2): Identity()
      (drop_path2): Identity()
    )
  )
  (decoder_norm): LayerNorm((512,), eps=1e-06, elementwise_affine=True)
  (decoder_pred): Linear(in_features=512, out_features=768, bias=True)
)
[17:03:32.373558] base lr: 1.50e-04
[17:03:32.373810] actual lr: 7.50e-05
[17:03:32.374104] accumulate grad iterations: 1
[17:03:32.374383] effective batch size: 128
[17:03:32.375431] AdamW (
Parameter Group 0
    amsgrad: False
    betas: (0.9, 0.95)
    capturable: False
    decoupled_weight_decay: True
    differentiable: False
    eps: 1e-08
    foreach: None
    fused: None
    lr: 7.5e-05
    maximize: False
    weight_decay: 0.01
)
/workspace/mae/util/misc.py:256: FutureWarning: `torch.cuda.amp.GradScaler(args...)` is deprecated. Please use `torch.amp.GradScaler('cuda', args...)` instead.
  self._scaler = torch.cuda.amp.GradScaler()
[17:03:32.377744] Start training for 300 epochs
[17:03:32.379243] log_dir: ./output_dir
/workspace/mae/engine_pretrain.py:47: FutureWarning: `torch.cuda.amp.autocast(args...)` is deprecated. Please use `torch.amp.autocast('cuda', args...)` instead.
  with torch.cuda.amp.autocast():
[17:03:33.482537] Epoch: [0]  [   0/3906]  eta: 1:11:45  lr: 0.000000  loss: 1.8018 (1.8018)  time: 1.1023  data: 0.2539  max mem: 1306
[17:03:35.619297] Epoch: [0]  [  20/3906]  eta: 0:09:59  lr: 0.000000  loss: 1.8018 (1.8019)  time: 0.1068  data: 0.0578  max mem: 1690
[17:03:37.986782] Epoch: [0]  [  40/3906]  eta: 0:08:48  lr: 0.000000  loss: 1.7990 (1.8007)  time: 0.1183  data: 0.0510  max mem: 1690
[17:03:40.537557] Epoch: [0]  [  60/3906]  eta: 0:08:33  lr: 0.000000  loss: 1.7936 (1.7984)  time: 0.1273  data: 0.0563  max mem: 1690
[17:03:42.788151] Epoch: [0]  [  80/3906]  eta: 0:08:11  lr: 0.000000  loss: 1.7863 (1.7957)  time: 0.1125  data: 0.0363  max mem: 1690
[17:03:45.111616] Epoch: [0]  [ 100/3906]  eta: 0:07:59  lr: 0.000000  loss: 1.7775 (1.7922)  time: 0.1161  data: 0.0473  max mem: 1690
[17:03:47.441056] Epoch: [0]  [ 120/3906]  eta: 0:07:50  lr: 0.000000  loss: 1.7660 (1.7882)  time: 0.1164  data: 0.0469  max mem: 1690
[17:03:49.860219] Epoch: [0]  [ 140/3906]  eta: 0:07:46  lr: 0.000000  loss: 1.7539 (1.7834)  time: 0.1209  data: 0.0503  max mem: 1690
[17:03:52.137568] Epoch: [0]  [ 160/3906]  eta: 0:07:39  lr: 0.000000  loss: 1.7390 (1.7779)  time: 0.1138  data: 0.0349  max mem: 1690
[17:03:54.420882] Epoch: [0]  [ 180/3906]  eta: 0:07:33  lr: 0.000000  loss: 1.7214 (1.7717)  time: 0.1141  data: 0.0448  max mem: 1690
[17:03:56.773825] Epoch: [0]  [ 200/3906]  eta: 0:07:29  lr: 0.000000  loss: 1.7042 (1.7649)  time: 0.1176  data: 0.0406  max mem: 1690
[17:03:59.061506] Epoch: [0]  [ 220/3906]  eta: 0:07:24  lr: 0.000000  loss: 1.6823 (1.7576)  time: 0.1143  data: 0.0402  max mem: 1690
[17:04:01.428090] Epoch: [0]  [ 240/3906]  eta: 0:07:21  lr: 0.000000  loss: 1.6631 (1.7498)  time: 0.1182  data: 0.0575  max mem: 1690
[17:04:03.716507] Epoch: [0]  [ 260/3906]  eta: 0:07:17  lr: 0.000000  loss: 1.6394 (1.7414)  time: 0.1143  data: 0.0372  max mem: 1690
[17:04:05.983918] Epoch: [0]  [ 280/3906]  eta: 0:07:13  lr: 0.000000  loss: 1.6168 (1.7326)  time: 0.1133  data: 0.0431  max mem: 1690
[17:04:08.280103] Epoch: [0]  [ 300/3906]  eta: 0:07:09  lr: 0.000000  loss: 1.5924 (1.7234)  time: 0.1147  data: 0.0407  max mem: 1690
[17:04:10.665270] Epoch: [0]  [ 320/3906]  eta: 0:07:07  lr: 0.000000  loss: 1.5710 (1.7139)  time: 0.1192  data: 0.0521  max mem: 1690
[17:04:12.963512] Epoch: [0]  [ 340/3906]  eta: 0:07:04  lr: 0.000000  loss: 1.5441 (1.7040)  time: 0.1148  data: 0.0470  max mem: 1690
[17:04:15.250604] Epoch: [0]  [ 360/3906]  eta: 0:07:00  lr: 0.000000  loss: 1.5213 (1.6939)  time: 0.1143  data: 0.0415  max mem: 1690
[17:04:17.523021] Epoch: [0]  [ 380/3906]  eta: 0:06:57  lr: 0.000000  loss: 1.4965 (1.6836)  time: 0.1136  data: 0.0464  max mem: 1690
[17:04:19.825776] Epoch: [0]  [ 400/3906]  eta: 0:06:54  lr: 0.000000  loss: 1.4731 (1.6731)  time: 0.1151  data: 0.0424  max mem: 1690
[17:04:22.263446] Epoch: [0]  [ 420/3906]  eta: 0:06:52  lr: 0.000000  loss: 1.4513 (1.6625)  time: 0.1218  data: 0.0544  max mem: 1690
[17:04:24.542736] Epoch: [0]  [ 440/3906]  eta: 0:06:49  lr: 0.000000  loss: 1.4277 (1.6519)  time: 0.1139  data: 0.0377  max mem: 1690
[17:04:26.807536] Epoch: [0]  [ 460/3906]  eta: 0:06:46  lr: 0.000000  loss: 1.4041 (1.6412)  time: 0.1132  data: 0.0524  max mem: 1690
[17:04:29.180711] Epoch: [0]  [ 480/3906]  eta: 0:06:44  lr: 0.000000  loss: 1.3822 (1.6305)  time: 0.1186  data: 0.0617  max mem: 1690
[17:04:31.517412] Epoch: [0]  [ 500/3906]  eta: 0:06:41  lr: 0.000000  loss: 1.3621 (1.6198)  time: 0.1168  data: 0.0473  max mem: 1690
[17:04:33.807579] Epoch: [0]  [ 520/3906]  eta: 0:06:38  lr: 0.000000  loss: 1.3404 (1.6091)  time: 0.1144  data: 0.0476  max mem: 1690
[17:04:36.109412] Epoch: [0]  [ 540/3906]  eta: 0:06:36  lr: 0.000000  loss: 1.3219 (1.5985)  time: 0.1150  data: 0.0558  max mem: 1690
[17:04:38.378365] Epoch: [0]  [ 560/3906]  eta: 0:06:33  lr: 0.000000  loss: 1.3032 (1.5880)  time: 0.1134  data: 0.0411  max mem: 1690
[17:04:40.668705] Epoch: [0]  [ 580/3906]  eta: 0:06:30  lr: 0.000000  loss: 1.2868 (1.5776)  time: 0.1144  data: 0.0478  max mem: 1690
[17:04:43.070624] Epoch: [0]  [ 600/3906]  eta: 0:06:28  lr: 0.000000  loss: 1.2687 (1.5674)  time: 0.1200  data: 0.0448  max mem: 1690
[17:04:45.784788] Epoch: [0]  [ 620/3906]  eta: 0:06:28  lr: 0.000000  loss: 1.2524 (1.5572)  time: 0.1356  data: 0.0581  max mem: 1690
[17:04:48.209997] Epoch: [0]  [ 640/3906]  eta: 0:06:26  lr: 0.000000  loss: 1.2356 (1.5472)  time: 0.1212  data: 0.0517  max mem: 1690
[17:04:50.752411] Epoch: [0]  [ 660/3906]  eta: 0:06:24  lr: 0.000000  loss: 1.2219 (1.5374)  time: 0.1270  data: 0.0552  max mem: 1690
[17:04:53.310590] Epoch: [0]  [ 680/3906]  eta: 0:06:23  lr: 0.000000  loss: 1.2064 (1.5277)  time: 0.1278  data: 0.0446  max mem: 1690
[17:04:55.737539] Epoch: [0]  [ 700/3906]  eta: 0:06:20  lr: 0.000000  loss: 1.1908 (1.5181)  time: 0.1213  data: 0.0444  max mem: 1690
[17:04:58.187786] Epoch: [0]  [ 720/3906]  eta: 0:06:18  lr: 0.000000  loss: 1.1786 (1.5087)  time: 0.1224  data: 0.0479  max mem: 1690
[17:05:00.711245] Epoch: [0]  [ 740/3906]  eta: 0:06:17  lr: 0.000000  loss: 1.1673 (1.4995)  time: 0.1261  data: 0.0566  max mem: 1690
[17:05:03.246533] Epoch: [0]  [ 760/3906]  eta: 0:06:15  lr: 0.000000  loss: 1.1534 (1.4904)  time: 0.1267  data: 0.0482  max mem: 1690
[17:05:05.679048] Epoch: [0]  [ 780/3906]  eta: 0:06:13  lr: 0.000000  loss: 1.1431 (1.4815)  time: 0.1216  data: 0.0549  max mem: 1690
[17:05:08.087373] Epoch: [0]  [ 800/3906]  eta: 0:06:10  lr: 0.000000  loss: 1.1323 (1.4728)  time: 0.1204  data: 0.0516  max mem: 1690
[17:05:10.566939] Epoch: [0]  [ 820/3906]  eta: 0:06:08  lr: 0.000000  loss: 1.1213 (1.4643)  time: 0.1239  data: 0.0563  max mem: 1690
[17:05:12.983402] Epoch: [0]  [ 840/3906]  eta: 0:06:06  lr: 0.000000  loss: 1.1143 (1.4560)  time: 0.1207  data: 0.0667  max mem: 1690
[17:05:15.620377] Epoch: [0]  [ 860/3906]  eta: 0:06:05  lr: 0.000000  loss: 1.1055 (1.4478)  time: 0.1317  data: 0.0641  max mem: 1690
[17:05:18.066542] Epoch: [0]  [ 880/3906]  eta: 0:06:02  lr: 0.000000  loss: 1.0954 (1.4398)  time: 0.1222  data: 0.0468  max mem: 1690
[17:05:20.537096] Epoch: [0]  [ 900/3906]  eta: 0:06:00  lr: 0.000000  loss: 1.0882 (1.4320)  time: 0.1235  data: 0.0509  max mem: 1690
[17:05:23.052499] Epoch: [0]  [ 920/3906]  eta: 0:05:58  lr: 0.000000  loss: 1.0801 (1.4244)  time: 0.1257  data: 0.0520  max mem: 1690
[17:05:25.601229] Epoch: [0]  [ 940/3906]  eta: 0:05:56  lr: 0.000000  loss: 1.0719 (1.4169)  time: 0.1274  data: 0.0568  max mem: 1690
[17:05:28.019610] Epoch: [0]  [ 960/3906]  eta: 0:05:54  lr: 0.000000  loss: 1.0666 (1.4096)  time: 0.1208  data: 0.0497  max mem: 1690
[17:05:30.496139] Epoch: [0]  [ 980/3906]  eta: 0:05:52  lr: 0.000000  loss: 1.0584 (1.4024)  time: 0.1237  data: 0.0533  max mem: 1690
[17:05:33.014920] Epoch: [0]  [1000/3906]  eta: 0:05:49  lr: 0.000000  loss: 1.0524 (1.3954)  time: 0.1259  data: 0.0483  max mem: 1690
[17:05:35.547254] Epoch: [0]  [1020/3906]  eta: 0:05:47  lr: 0.000000  loss: 1.0474 (1.3886)  time: 0.1265  data: 0.0451  max mem: 1690
[17:05:38.023153] Epoch: [0]  [1040/3906]  eta: 0:05:45  lr: 0.000000  loss: 1.0428 (1.3820)  time: 0.1237  data: 0.0481  max mem: 1690
[17:05:40.475224] Epoch: [0]  [1060/3906]  eta: 0:05:43  lr: 0.000001  loss: 1.0349 (1.3755)  time: 0.1225  data: 0.0479  max mem: 1690
[17:05:42.934945] Epoch: [0]  [1080/3906]  eta: 0:05:41  lr: 0.000001  loss: 1.0311 (1.3691)  time: 0.1229  data: 0.0474  max mem: 1690
[17:05:45.429397] Epoch: [0]  [1100/3906]  eta: 0:05:38  lr: 0.000001  loss: 1.0260 (1.3628)  time: 0.1246  data: 0.0467  max mem: 1690
[17:05:47.961479] Epoch: [0]  [1120/3906]  eta: 0:05:36  lr: 0.000001  loss: 1.0178 (1.3567)  time: 0.1265  data: 0.0439  max mem: 1690
[17:05:50.337739] Epoch: [0]  [1140/3906]  eta: 0:05:34  lr: 0.000001  loss: 1.0151 (1.3507)  time: 0.1187  data: 0.0426  max mem: 1690
[17:05:52.838596] Epoch: [0]  [1160/3906]  eta: 0:05:32  lr: 0.000001  loss: 1.0146 (1.3450)  time: 0.1250  data: 0.0470  max mem: 1690
[17:05:55.284589] Epoch: [0]  [1180/3906]  eta: 0:05:29  lr: 0.000001  loss: 1.0072 (1.3392)  time: 0.1222  data: 0.0539  max mem: 1690
[17:05:57.867314] Epoch: [0]  [1200/3906]  eta: 0:05:27  lr: 0.000001  loss: 1.0058 (1.3337)  time: 0.1291  data: 0.0538  max mem: 1690
[17:06:00.307569] Epoch: [0]  [1220/3906]  eta: 0:05:25  lr: 0.000001  loss: 0.9956 (1.3282)  time: 0.1219  data: 0.0500  max mem: 1690
[17:06:02.764611] Epoch: [0]  [1240/3906]  eta: 0:05:22  lr: 0.000001  loss: 0.9969 (1.3228)  time: 0.1228  data: 0.0551  max mem: 1690
[17:06:05.293610] Epoch: [0]  [1260/3906]  eta: 0:05:20  lr: 0.000001  loss: 0.9903 (1.3176)  time: 0.1264  data: 0.0534  max mem: 1690
[17:06:07.870351] Epoch: [0]  [1280/3906]  eta: 0:05:18  lr: 0.000001  loss: 0.9887 (1.3125)  time: 0.1288  data: 0.0459  max mem: 1690
[17:06:10.330419] Epoch: [0]  [1300/3906]  eta: 0:05:16  lr: 0.000001  loss: 0.9795 (1.3074)  time: 0.1229  data: 0.0459  max mem: 1690
[17:06:12.807297] Epoch: [0]  [1320/3906]  eta: 0:05:13  lr: 0.000001  loss: 0.9810 (1.3025)  time: 0.1238  data: 0.0481  max mem: 1690
[17:06:15.328180] Epoch: [0]  [1340/3906]  eta: 0:05:11  lr: 0.000001  loss: 0.9785 (1.2976)  time: 0.1260  data: 0.0498  max mem: 1690
[17:06:17.814052] Epoch: [0]  [1360/3906]  eta: 0:05:09  lr: 0.000001  loss: 0.9748 (1.2929)  time: 0.1242  data: 0.0527  max mem: 1690
[17:06:20.349740] Epoch: [0]  [1380/3906]  eta: 0:05:07  lr: 0.000001  loss: 0.9740 (1.2883)  time: 0.1267  data: 0.0533  max mem: 1690
[17:06:22.762109] Epoch: [0]  [1400/3906]  eta: 0:05:04  lr: 0.000001  loss: 0.9706 (1.2837)  time: 0.1206  data: 0.0457  max mem: 1690
[17:06:25.255132] Epoch: [0]  [1420/3906]  eta: 0:05:02  lr: 0.000001  loss: 0.9679 (1.2793)  time: 0.1246  data: 0.0558  max mem: 1690
[17:06:27.734834] Epoch: [0]  [1440/3906]  eta: 0:04:59  lr: 0.000001  loss: 0.9617 (1.2749)  time: 0.1239  data: 0.0607  max mem: 1690
[17:06:30.379362] Epoch: [0]  [1460/3906]  eta: 0:04:57  lr: 0.000001  loss: 0.9665 (1.2707)  time: 0.1322  data: 0.0740  max mem: 1690
[17:06:32.829202] Epoch: [0]  [1480/3906]  eta: 0:04:55  lr: 0.000001  loss: 0.9524 (1.2664)  time: 0.1224  data: 0.0662  max mem: 1690
[17:06:35.346462] Epoch: [0]  [1500/3906]  eta: 0:04:53  lr: 0.000001  loss: 0.9550 (1.2623)  time: 0.1258  data: 0.0632  max mem: 1690
[17:06:37.859846] Epoch: [0]  [1520/3906]  eta: 0:04:50  lr: 0.000001  loss: 0.9493 (1.2582)  time: 0.1256  data: 0.0694  max mem: 1690
[17:06:40.512724] Epoch: [0]  [1540/3906]  eta: 0:04:48  lr: 0.000001  loss: 0.9544 (1.2542)  time: 0.1326  data: 0.0647  max mem: 1690
[17:06:42.923365] Epoch: [0]  [1560/3906]  eta: 0:04:46  lr: 0.000001  loss: 0.9481 (1.2502)  time: 0.1205  data: 0.0506  max mem: 1690
[17:06:45.393000] Epoch: [0]  [1580/3906]  eta: 0:04:43  lr: 0.000001  loss: 0.9493 (1.2464)  time: 0.1234  data: 0.0577  max mem: 1690
[17:06:47.936614] Epoch: [0]  [1600/3906]  eta: 0:04:41  lr: 0.000001  loss: 0.9410 (1.2426)  time: 0.1271  data: 0.0513  max mem: 1690
[17:06:50.542500] Epoch: [0]  [1620/3906]  eta: 0:04:39  lr: 0.000001  loss: 0.9386 (1.2389)  time: 0.1302  data: 0.0575  max mem: 1690
[17:06:52.967870] Epoch: [0]  [1640/3906]  eta: 0:04:36  lr: 0.000001  loss: 0.9373 (1.2352)  time: 0.1212  data: 0.0478  max mem: 1690
[17:06:55.418182] Epoch: [0]  [1660/3906]  eta: 0:04:34  lr: 0.000001  loss: 0.9338 (1.2316)  time: 0.1224  data: 0.0512  max mem: 1690
[17:06:57.952573] Epoch: [0]  [1680/3906]  eta: 0:04:32  lr: 0.000001  loss: 0.9340 (1.2281)  time: 0.1267  data: 0.0581  max mem: 1690
[17:07:00.553901] Epoch: [0]  [1700/3906]  eta: 0:04:29  lr: 0.000001  loss: 0.9356 (1.2246)  time: 0.1300  data: 0.0493  max mem: 1690
[17:07:03.015626] Epoch: [0]  [1720/3906]  eta: 0:04:27  lr: 0.000001  loss: 0.9280 (1.2212)  time: 0.1230  data: 0.0564  max mem: 1690
[17:07:05.494258] Epoch: [0]  [1740/3906]  eta: 0:04:24  lr: 0.000001  loss: 0.9347 (1.2179)  time: 0.1239  data: 0.0620  max mem: 1690
[17:07:07.990513] Epoch: [0]  [1760/3906]  eta: 0:04:22  lr: 0.000001  loss: 0.9255 (1.2146)  time: 0.1247  data: 0.0504  max mem: 1690
[17:07:10.468565] Epoch: [0]  [1780/3906]  eta: 0:04:20  lr: 0.000001  loss: 0.9271 (1.2113)  time: 0.1238  data: 0.0439  max mem: 1690
[17:07:12.966304] Epoch: [0]  [1800/3906]  eta: 0:04:17  lr: 0.000001  loss: 0.9227 (1.2082)  time: 0.1248  data: 0.0464  max mem: 1690
[17:07:15.434057] Epoch: [0]  [1820/3906]  eta: 0:04:15  lr: 0.000001  loss: 0.9214 (1.2050)  time: 0.1233  data: 0.0485  max mem: 1690
[17:07:17.900172] Epoch: [0]  [1840/3906]  eta: 0:04:12  lr: 0.000001  loss: 0.9163 (1.2019)  time: 0.1233  data: 0.0575  max mem: 1690
[17:07:20.373955] Epoch: [0]  [1860/3906]  eta: 0:04:10  lr: 0.000001  loss: 0.9167 (1.1988)  time: 0.1236  data: 0.0530  max mem: 1690
[17:07:22.996475] Epoch: [0]  [1880/3906]  eta: 0:04:08  lr: 0.000001  loss: 0.9194 (1.1958)  time: 0.1310  data: 0.0546  max mem: 1690
[17:07:25.437304] Epoch: [0]  [1900/3906]  eta: 0:04:05  lr: 0.000001  loss: 0.9127 (1.1929)  time: 0.1219  data: 0.0496  max mem: 1690
[17:07:27.928615] Epoch: [0]  [1920/3906]  eta: 0:04:03  lr: 0.000001  loss: 0.9141 (1.1900)  time: 0.1245  data: 0.0581  max mem: 1690
[17:07:30.395750] Epoch: [0]  [1940/3906]  eta: 0:04:00  lr: 0.000001  loss: 0.9118 (1.1871)  time: 0.1233  data: 0.0529  max mem: 1690
[17:07:32.954957] Epoch: [0]  [1960/3906]  eta: 0:03:58  lr: 0.000001  loss: 0.9100 (1.1844)  time: 0.1279  data: 0.0513  max mem: 1690
[17:07:35.348526] Epoch: [0]  [1980/3906]  eta: 0:03:56  lr: 0.000001  loss: 0.9154 (1.1816)  time: 0.1196  data: 0.0514  max mem: 1690
[17:07:37.773264] Epoch: [0]  [2000/3906]  eta: 0:03:53  lr: 0.000001  loss: 0.9138 (1.1789)  time: 0.1212  data: 0.0661  max mem: 1690
[17:07:40.297829] Epoch: [0]  [2020/3906]  eta: 0:03:51  lr: 0.000001  loss: 0.9054 (1.1762)  time: 0.1261  data: 0.0593  max mem: 1690
[17:07:42.883982] Epoch: [0]  [2040/3906]  eta: 0:03:48  lr: 0.000001  loss: 0.9088 (1.1736)  time: 0.1292  data: 0.0467  max mem: 1690
[17:07:45.334139] Epoch: [0]  [2060/3906]  eta: 0:03:46  lr: 0.000001  loss: 0.9069 (1.1710)  time: 0.1224  data: 0.0427  max mem: 1690
[17:07:47.748004] Epoch: [0]  [2080/3906]  eta: 0:03:43  lr: 0.000001  loss: 0.9120 (1.1685)  time: 0.1206  data: 0.0565  max mem: 1690
[17:07:50.281782] Epoch: [0]  [2100/3906]  eta: 0:03:41  lr: 0.000001  loss: 0.9048 (1.1660)  time: 0.1266  data: 0.0716  max mem: 1690
[17:07:52.814222] Epoch: [0]  [2120/3906]  eta: 0:03:39  lr: 0.000001  loss: 0.9033 (1.1635)  time: 0.1266  data: 0.0606  max mem: 1690
[17:07:55.334867] Epoch: [0]  [2140/3906]  eta: 0:03:36  lr: 0.000001  loss: 0.9036 (1.1611)  time: 0.1260  data: 0.0507  max mem: 1690
[17:07:57.820608] Epoch: [0]  [2160/3906]  eta: 0:03:34  lr: 0.000001  loss: 0.9046 (1.1587)  time: 0.1242  data: 0.0550  max mem: 1690
[17:08:00.325528] Epoch: [0]  [2180/3906]  eta: 0:03:31  lr: 0.000001  loss: 0.9020 (1.1563)  time: 0.1252  data: 0.0499  max mem: 1690
[17:08:02.830851] Epoch: [0]  [2200/3906]  eta: 0:03:29  lr: 0.000001  loss: 0.8947 (1.1540)  time: 0.1252  data: 0.0444  max mem: 1690
[17:08:05.332114] Epoch: [0]  [2220/3906]  eta: 0:03:27  lr: 0.000001  loss: 0.9060 (1.1518)  time: 0.1250  data: 0.0568  max mem: 1690
[17:08:07.729192] Epoch: [0]  [2240/3906]  eta: 0:03:24  lr: 0.000001  loss: 0.8971 (1.1495)  time: 0.1198  data: 0.0442  max mem: 1690
[17:08:10.204226] Epoch: [0]  [2260/3906]  eta: 0:03:22  lr: 0.000001  loss: 0.8953 (1.1472)  time: 0.1237  data: 0.0535  max mem: 1690
[17:08:12.719492] Epoch: [0]  [2280/3906]  eta: 0:03:19  lr: 0.000001  loss: 0.8915 (1.1450)  time: 0.1257  data: 0.0588  max mem: 1690
[17:08:15.390723] Epoch: [0]  [2300/3906]  eta: 0:03:17  lr: 0.000001  loss: 0.8955 (1.1428)  time: 0.1335  data: 0.0540  max mem: 1690
[17:08:17.961221] Epoch: [0]  [2320/3906]  eta: 0:03:15  lr: 0.000001  loss: 0.8948 (1.1407)  time: 0.1285  data: 0.0529  max mem: 1690
[17:08:20.480476] Epoch: [0]  [2340/3906]  eta: 0:03:12  lr: 0.000001  loss: 0.8918 (1.1386)  time: 0.1259  data: 0.0558  max mem: 1690
[17:08:22.970724] Epoch: [0]  [2360/3906]  eta: 0:03:10  lr: 0.000001  loss: 0.8918 (1.1365)  time: 0.1244  data: 0.0516  max mem: 1690
[17:08:25.619480] Epoch: [0]  [2380/3906]  eta: 0:03:07  lr: 0.000001  loss: 0.8936 (1.1345)  time: 0.1324  data: 0.0577  max mem: 1690
[17:08:28.074279] Epoch: [0]  [2400/3906]  eta: 0:03:05  lr: 0.000001  loss: 0.8936 (1.1325)  time: 0.1227  data: 0.0462  max mem: 1690
[17:08:30.526436] Epoch: [0]  [2420/3906]  eta: 0:03:02  lr: 0.000001  loss: 0.8912 (1.1305)  time: 0.1225  data: 0.0460  max mem: 1690
[17:08:33.023416] Epoch: [0]  [2440/3906]  eta: 0:03:00  lr: 0.000001  loss: 0.8957 (1.1285)  time: 0.1248  data: 0.0483  max mem: 1690
[17:08:35.627754] Epoch: [0]  [2460/3906]  eta: 0:02:58  lr: 0.000001  loss: 0.8865 (1.1266)  time: 0.1301  data: 0.0528  max mem: 1690
[17:08:38.079345] Epoch: [0]  [2480/3906]  eta: 0:02:55  lr: 0.000001  loss: 0.8848 (1.1247)  time: 0.1225  data: 0.0445  max mem: 1690
[17:08:40.546648] Epoch: [0]  [2500/3906]  eta: 0:02:53  lr: 0.000001  loss: 0.8865 (1.1228)  time: 0.1233  data: 0.0623  max mem: 1690
[17:08:43.070325] Epoch: [0]  [2520/3906]  eta: 0:02:50  lr: 0.000001  loss: 0.8917 (1.1210)  time: 0.1261  data: 0.0662  max mem: 1690
[17:08:45.648819] Epoch: [0]  [2540/3906]  eta: 0:02:48  lr: 0.000001  loss: 0.8879 (1.1191)  time: 0.1289  data: 0.0562  max mem: 1690
[17:08:48.149903] Epoch: [0]  [2560/3906]  eta: 0:02:45  lr: 0.000001  loss: 0.8749 (1.1173)  time: 0.1250  data: 0.0482  max mem: 1690
[17:08:50.629690] Epoch: [0]  [2580/3906]  eta: 0:02:43  lr: 0.000001  loss: 0.8829 (1.1154)  time: 0.1239  data: 0.0495  max mem: 1690
[17:08:53.141414] Epoch: [0]  [2600/3906]  eta: 0:02:40  lr: 0.000001  loss: 0.8889 (1.1137)  time: 0.1255  data: 0.0499  max mem: 1690
[17:08:55.641590] Epoch: [0]  [2620/3906]  eta: 0:02:38  lr: 0.000001  loss: 0.8780 (1.1119)  time: 0.1249  data: 0.0465  max mem: 1690
[17:08:58.161601] Epoch: [0]  [2640/3906]  eta: 0:02:36  lr: 0.000001  loss: 0.8788 (1.1102)  time: 0.1259  data: 0.0533  max mem: 1690
[17:09:00.636336] Epoch: [0]  [2660/3906]  eta: 0:02:33  lr: 0.000001  loss: 0.8755 (1.1084)  time: 0.1237  data: 0.0496  max mem: 1690
[17:09:03.085472] Epoch: [0]  [2680/3906]  eta: 0:02:31  lr: 0.000001  loss: 0.8789 (1.1067)  time: 0.1224  data: 0.0444  max mem: 1690
[17:09:05.467690] Epoch: [0]  [2700/3906]  eta: 0:02:28  lr: 0.000001  loss: 0.8812 (1.1051)  time: 0.1191  data: 0.0574  max mem: 1690
[17:09:08.143426] Epoch: [0]  [2720/3906]  eta: 0:02:26  lr: 0.000001  loss: 0.8852 (1.1035)  time: 0.1337  data: 0.0687  max mem: 1690
[17:09:10.585097] Epoch: [0]  [2740/3906]  eta: 0:02:23  lr: 0.000001  loss: 0.8798 (1.1018)  time: 0.1220  data: 0.0442  max mem: 1690
[17:09:13.086019] Epoch: [0]  [2760/3906]  eta: 0:02:21  lr: 0.000001  loss: 0.8768 (1.1002)  time: 0.1250  data: 0.0457  max mem: 1690
[17:09:15.549477] Epoch: [0]  [2780/3906]  eta: 0:02:18  lr: 0.000001  loss: 0.8740 (1.0986)  time: 0.1231  data: 0.0511  max mem: 1690
[17:09:18.083721] Epoch: [0]  [2800/3906]  eta: 0:02:16  lr: 0.000001  loss: 0.8817 (1.0970)  time: 0.1267  data: 0.0617  max mem: 1690
[17:09:20.517564] Epoch: [0]  [2820/3906]  eta: 0:02:13  lr: 0.000001  loss: 0.8718 (1.0955)  time: 0.1216  data: 0.0457  max mem: 1690
[17:09:22.948206] Epoch: [0]  [2840/3906]  eta: 0:02:11  lr: 0.000001  loss: 0.8759 (1.0939)  time: 0.1215  data: 0.0487  max mem: 1690
[17:09:25.426684] Epoch: [0]  [2860/3906]  eta: 0:02:09  lr: 0.000001  loss: 0.8760 (1.0924)  time: 0.1239  data: 0.0596  max mem: 1690
[17:09:27.950767] Epoch: [0]  [2880/3906]  eta: 0:02:06  lr: 0.000001  loss: 0.8743 (1.0909)  time: 0.1261  data: 0.0552  max mem: 1690
[17:09:30.448356] Epoch: [0]  [2900/3906]  eta: 0:02:04  lr: 0.000001  loss: 0.8819 (1.0895)  time: 0.1248  data: 0.0515  max mem: 1690
[17:09:32.945648] Epoch: [0]  [2920/3906]  eta: 0:02:01  lr: 0.000001  loss: 0.8715 (1.0880)  time: 0.1248  data: 0.0663  max mem: 1690
[17:09:35.441293] Epoch: [0]  [2940/3906]  eta: 0:01:59  lr: 0.000001  loss: 0.8720 (1.0865)  time: 0.1247  data: 0.0637  max mem: 1690
[17:09:38.076769] Epoch: [0]  [2960/3906]  eta: 0:01:56  lr: 0.000001  loss: 0.8706 (1.0851)  time: 0.1317  data: 0.0544  max mem: 1690
[17:09:40.526765] Epoch: [0]  [2980/3906]  eta: 0:01:54  lr: 0.000001  loss: 0.8746 (1.0837)  time: 0.1224  data: 0.0562  max mem: 1690
[17:09:43.001715] Epoch: [0]  [3000/3906]  eta: 0:01:51  lr: 0.000001  loss: 0.8720 (1.0823)  time: 0.1237  data: 0.0477  max mem: 1690
[17:09:45.508582] Epoch: [0]  [3020/3906]  eta: 0:01:49  lr: 0.000001  loss: 0.8747 (1.0809)  time: 0.1253  data: 0.0544  max mem: 1690
[17:09:48.094260] Epoch: [0]  [3040/3906]  eta: 0:01:46  lr: 0.000001  loss: 0.8747 (1.0796)  time: 0.1292  data: 0.0509  max mem: 1690
[17:09:50.510928] Epoch: [0]  [3060/3906]  eta: 0:01:44  lr: 0.000001  loss: 0.8750 (1.0783)  time: 0.1208  data: 0.0430  max mem: 1690
[17:09:52.993218] Epoch: [0]  [3080/3906]  eta: 0:01:41  lr: 0.000001  loss: 0.8719 (1.0769)  time: 0.1241  data: 0.0553  max mem: 1690
[17:09:55.497064] Epoch: [0]  [3100/3906]  eta: 0:01:39  lr: 0.000001  loss: 0.8741 (1.0756)  time: 0.1251  data: 0.0554  max mem: 1690
[17:09:58.085940] Epoch: [0]  [3120/3906]  eta: 0:01:37  lr: 0.000001  loss: 0.8714 (1.0743)  time: 0.1294  data: 0.0611  max mem: 1690
[17:10:00.527989] Epoch: [0]  [3140/3906]  eta: 0:01:34  lr: 0.000002  loss: 0.8765 (1.0731)  time: 0.1221  data: 0.0606  max mem: 1690
[17:10:03.046248] Epoch: [0]  [3160/3906]  eta: 0:01:32  lr: 0.000002  loss: 0.8704 (1.0718)  time: 0.1258  data: 0.0515  max mem: 1690
[17:10:05.487442] Epoch: [0]  [3180/3906]  eta: 0:01:29  lr: 0.000002  loss: 0.8715 (1.0705)  time: 0.1220  data: 0.0475  max mem: 1690
[17:10:08.032152] Epoch: [0]  [3200/3906]  eta: 0:01:27  lr: 0.000002  loss: 0.8712 (1.0693)  time: 0.1272  data: 0.0470  max mem: 1690
[17:10:10.475986] Epoch: [0]  [3220/3906]  eta: 0:01:24  lr: 0.000002  loss: 0.8757 (1.0681)  time: 0.1221  data: 0.0457  max mem: 1690
[17:10:12.990954] Epoch: [0]  [3240/3906]  eta: 0:01:22  lr: 0.000002  loss: 0.8715 (1.0669)  time: 0.1257  data: 0.0620  max mem: 1690
[17:10:15.434118] Epoch: [0]  [3260/3906]  eta: 0:01:19  lr: 0.000002  loss: 0.8753 (1.0657)  time: 0.1221  data: 0.0584  max mem: 1690
[17:10:18.087848] Epoch: [0]  [3280/3906]  eta: 0:01:17  lr: 0.000002  loss: 0.8713 (1.0645)  time: 0.1326  data: 0.0594  max mem: 1690
[17:10:20.552442] Epoch: [0]  [3300/3906]  eta: 0:01:14  lr: 0.000002  loss: 0.8710 (1.0633)  time: 0.1232  data: 0.0462  max mem: 1690
[17:10:23.052875] Epoch: [0]  [3320/3906]  eta: 0:01:12  lr: 0.000002  loss: 0.8696 (1.0622)  time: 0.1249  data: 0.0539  max mem: 1690
[17:10:25.544193] Epoch: [0]  [3340/3906]  eta: 0:01:09  lr: 0.000002  loss: 0.8656 (1.0610)  time: 0.1245  data: 0.0650  max mem: 1690
[17:10:28.244507] Epoch: [0]  [3360/3906]  eta: 0:01:07  lr: 0.000002  loss: 0.8752 (1.0599)  time: 0.1349  data: 0.0615  max mem: 1690
[17:10:30.696498] Epoch: [0]  [3380/3906]  eta: 0:01:05  lr: 0.000002  loss: 0.8739 (1.0588)  time: 0.1225  data: 0.0455  max mem: 1690
[17:10:33.170096] Epoch: [0]  [3400/3906]  eta: 0:01:02  lr: 0.000002  loss: 0.8663 (1.0577)  time: 0.1236  data: 0.0570  max mem: 1690
[17:10:35.631999] Epoch: [0]  [3420/3906]  eta: 0:01:00  lr: 0.000002  loss: 0.8647 (1.0565)  time: 0.1230  data: 0.0527  max mem: 1690
[17:10:38.221316] Epoch: [0]  [3440/3906]  eta: 0:00:57  lr: 0.000002  loss: 0.8762 (1.0555)  time: 0.1294  data: 0.0587  max mem: 1690
[17:10:40.688834] Epoch: [0]  [3460/3906]  eta: 0:00:55  lr: 0.000002  loss: 0.8700 (1.0544)  time: 0.1233  data: 0.0494  max mem: 1690
[17:10:43.178201] Epoch: [0]  [3480/3906]  eta: 0:00:52  lr: 0.000002  loss: 0.8725 (1.0533)  time: 0.1244  data: 0.0508  max mem: 1690
[17:10:45.690995] Epoch: [0]  [3500/3906]  eta: 0:00:50  lr: 0.000002  loss: 0.8667 (1.0523)  time: 0.1256  data: 0.0586  max mem: 1690
[17:10:48.292574] Epoch: [0]  [3520/3906]  eta: 0:00:47  lr: 0.000002  loss: 0.8785 (1.0513)  time: 0.1300  data: 0.0526  max mem: 1690
[17:10:50.734306] Epoch: [0]  [3540/3906]  eta: 0:00:45  lr: 0.000002  loss: 0.8705 (1.0502)  time: 0.1220  data: 0.0465  max mem: 1690
[17:10:53.213391] Epoch: [0]  [3560/3906]  eta: 0:00:42  lr: 0.000002  loss: 0.8749 (1.0493)  time: 0.1239  data: 0.0589  max mem: 1690
[17:10:55.706307] Epoch: [0]  [3580/3906]  eta: 0:00:40  lr: 0.000002  loss: 0.8697 (1.0483)  time: 0.1246  data: 0.0541  max mem: 1690
[17:10:58.258756] Epoch: [0]  [3600/3906]  eta: 0:00:37  lr: 0.000002  loss: 0.8708 (1.0473)  time: 0.1276  data: 0.0567  max mem: 1690
[17:11:00.635873] Epoch: [0]  [3620/3906]  eta: 0:00:35  lr: 0.000002  loss: 0.8706 (1.0463)  time: 0.1188  data: 0.0421  max mem: 1690
[17:11:03.025536] Epoch: [0]  [3640/3906]  eta: 0:00:32  lr: 0.000002  loss: 0.8695 (1.0453)  time: 0.1194  data: 0.0484  max mem: 1690
[17:11:05.531530] Epoch: [0]  [3660/3906]  eta: 0:00:30  lr: 0.000002  loss: 0.8788 (1.0444)  time: 0.1252  data: 0.0542  max mem: 1690
[17:11:08.104435] Epoch: [0]  [3680/3906]  eta: 0:00:27  lr: 0.000002  loss: 0.8671 (1.0434)  time: 0.1286  data: 0.0477  max mem: 1690
[17:11:10.518965] Epoch: [0]  [3700/3906]  eta: 0:00:25  lr: 0.000002  loss: 0.8681 (1.0425)  time: 0.1206  data: 0.0429  max mem: 1690
[17:11:13.008602] Epoch: [0]  [3720/3906]  eta: 0:00:23  lr: 0.000002  loss: 0.8708 (1.0415)  time: 0.1244  data: 0.0635  max mem: 1690
[17:11:15.504614] Epoch: [0]  [3740/3906]  eta: 0:00:20  lr: 0.000002  loss: 0.8707 (1.0406)  time: 0.1247  data: 0.0530  max mem: 1690
[17:11:18.057059] Epoch: [0]  [3760/3906]  eta: 0:00:18  lr: 0.000002  loss: 0.8594 (1.0396)  time: 0.1275  data: 0.0488  max mem: 1690
[17:11:20.501657] Epoch: [0]  [3780/3906]  eta: 0:00:15  lr: 0.000002  loss: 0.8693 (1.0387)  time: 0.1221  data: 0.0436  max mem: 1690
[17:11:22.980520] Epoch: [0]  [3800/3906]  eta: 0:00:13  lr: 0.000002  loss: 0.8620 (1.0378)  time: 0.1239  data: 0.0532  max mem: 1690
[17:11:25.506146] Epoch: [0]  [3820/3906]  eta: 0:00:10  lr: 0.000002  loss: 0.8729 (1.0370)  time: 0.1262  data: 0.0532  max mem: 1690
[17:11:28.030290] Epoch: [0]  [3840/3906]  eta: 0:00:08  lr: 0.000002  loss: 0.8726 (1.0361)  time: 0.1262  data: 0.0471  max mem: 1690
[17:11:30.510309] Epoch: [0]  [3860/3906]  eta: 0:00:05  lr: 0.000002  loss: 0.8681 (1.0352)  time: 0.1239  data: 0.0531  max mem: 1690
[17:11:32.973990] Epoch: [0]  [3880/3906]  eta: 0:00:03  lr: 0.000002  loss: 0.8655 (1.0344)  time: 0.1231  data: 0.0458  max mem: 1690
[17:11:35.413199] Epoch: [0]  [3900/3906]  eta: 0:00:00  lr: 0.000002  loss: 0.8740 (1.0335)  time: 0.1219  data: 0.0556  max mem: 1690
[17:11:36.022203] Epoch: [0]  [3905/3906]  eta: 0:00:00  lr: 0.000002  loss: 0.8737 (1.0333)  time: 0.1219  data: 0.0554  max mem: 1690
[17:11:36.059470] Epoch: [0] Total time: 0:08:03 (0.1238 s / it)
[17:11:36.059948] Averaged stats: lr: 0.000002  loss: 0.8737 (1.0333)
[17:11:37.750265] log_dir: ./output_dir
[17:11:38.066072] Epoch: [1]  [   0/3906]  eta: 0:20:28  lr: 0.000002  loss: 0.8601 (0.8601)  time: 0.3145  data: 0.2500  max mem: 1690
[17:11:40.590141] Epoch: [1]  [  20/3906]  eta: 0:08:44  lr: 0.000002  loss: 0.8668 (0.8698)  time: 0.1261  data: 0.0497  max mem: 1690
[17:11:43.140018] Epoch: [1]  [  40/3906]  eta: 0:08:27  lr: 0.000002  loss: 0.8689 (0.8694)  time: 0.1274  data: 0.0490  max mem: 1690
[17:11:45.695128] Epoch: [1]  [  60/3906]  eta: 0:08:20  lr: 0.000002  loss: 0.8632 (0.8680)  time: 0.1277  data: 0.0564  max mem: 1690
[17:11:48.330701] Epoch: [1]  [  80/3906]  eta: 0:08:19  lr: 0.000002  loss: 0.8770 (0.8689)  time: 0.1317  data: 0.0590  max mem: 1690
[17:11:50.849008] Epoch: [1]  [ 100/3906]  eta: 0:08:13  lr: 0.000002  loss: 0.8625 (0.8680)  time: 0.1259  data: 0.0566  max mem: 1690
[17:11:53.345012] Epoch: [1]  [ 120/3906]  eta: 0:08:07  lr: 0.000002  loss: 0.8681 (0.8678)  time: 0.1248  data: 0.0664  max mem: 1690
[17:11:55.936586] Epoch: [1]  [ 140/3906]  eta: 0:08:05  lr: 0.000002  loss: 0.8746 (0.8680)  time: 0.1295  data: 0.0553  max mem: 1690
[17:11:58.599277] Epoch: [1]  [ 160/3906]  eta: 0:08:04  lr: 0.000002  loss: 0.8749 (0.8685)  time: 0.1331  data: 0.0489  max mem: 1690
[17:12:01.102053] Epoch: [1]  [ 180/3906]  eta: 0:08:00  lr: 0.000002  loss: 0.8587 (0.8676)  time: 0.1251  data: 0.0437  max mem: 1690
[17:12:03.613934] Epoch: [1]  [ 200/3906]  eta: 0:07:56  lr: 0.000002  loss: 0.8654 (0.8673)  time: 0.1255  data: 0.0529  max mem: 1690
[17:12:06.174526] Epoch: [1]  [ 220/3906]  eta: 0:07:53  lr: 0.000002  loss: 0.8706 (0.8680)  time: 0.1280  data: 0.0503  max mem: 1690
[17:12:08.805653] Epoch: [1]  [ 240/3906]  eta: 0:07:52  lr: 0.000002  loss: 0.8596 (0.8679)  time: 0.1315  data: 0.0493  max mem: 1690
[17:12:11.321888] Epoch: [1]  [ 260/3906]  eta: 0:07:48  lr: 0.000002  loss: 0.8625 (0.8677)  time: 0.1257  data: 0.0447  max mem: 1690
[17:12:13.828709] Epoch: [1]  [ 280/3906]  eta: 0:07:45  lr: 0.000002  loss: 0.8695 (0.8679)  time: 0.1253  data: 0.0571  max mem: 1690
[17:12:16.381108] Epoch: [1]  [ 300/3906]  eta: 0:07:42  lr: 0.000002  loss: 0.8674 (0.8677)  time: 0.1276  data: 0.0531  max mem: 1690
[17:12:19.019237] Epoch: [1]  [ 320/3906]  eta: 0:07:40  lr: 0.000002  loss: 0.8727 (0.8681)  time: 0.1318  data: 0.0635  max mem: 1690
[17:12:21.510681] Epoch: [1]  [ 340/3906]  eta: 0:07:37  lr: 0.000002  loss: 0.8678 (0.8679)  time: 0.1245  data: 0.0468  max mem: 1690
[17:12:24.027333] Epoch: [1]  [ 360/3906]  eta: 0:07:34  lr: 0.000002  loss: 0.8643 (0.8678)  time: 0.1258  data: 0.0623  max mem: 1690
[17:12:26.619676] Epoch: [1]  [ 380/3906]  eta: 0:07:32  lr: 0.000002  loss: 0.8648 (0.8677)  time: 0.1295  data: 0.0721  max mem: 1690
[17:12:29.254340] Epoch: [1]  [ 400/3906]  eta: 0:07:30  lr: 0.000002  loss: 0.8590 (0.8675)  time: 0.1317  data: 0.0636  max mem: 1690
[17:12:31.803247] Epoch: [1]  [ 420/3906]  eta: 0:07:27  lr: 0.000002  loss: 0.8725 (0.8677)  time: 0.1274  data: 0.0492  max mem: 1690
