usage: MAE pre-training [--batch_size BATCH_SIZE] [--epochs EPOCHS]
                        [--accum_iter ACCUM_ITER] [--model MODEL]
                        [--input_size INPUT_SIZE] [--mask_ratio MASK_RATIO]
                        [--norm_pix_loss] [--weight_decay WEIGHT_DECAY]
                        [--lr LR] [--blr LR] [--min_lr LR] [--warmup_epochs N]
                        [--data_path DATA_PATH] [--output_dir OUTPUT_DIR]
                        [--log_dir LOG_DIR] [--device DEVICE] [--seed SEED]
                        [--resume RESUME] [--start_epoch N]
                        [--num_workers NUM_WORKERS] [--pin_mem] [--no_pin_mem]
                        [--world_size WORLD_SIZE] [--local_rank LOCAL_RANK]
                        [--dist_on_itp] [--dist_url DIST_URL]
MAE pre-training: error: unrecognized arguments:  
usage: MAE pre-training [--batch_size BATCH_SIZE] [--epochs EPOCHS]
                        [--accum_iter ACCUM_ITER] [--model MODEL]
                        [--input_size INPUT_SIZE] [--mask_ratio MASK_RATIO]
                        [--norm_pix_loss] [--weight_decay WEIGHT_DECAY]
                        [--lr LR] [--blr LR] [--min_lr LR] [--warmup_epochs N]
                        [--data_path DATA_PATH] [--output_dir OUTPUT_DIR]
                        [--log_dir LOG_DIR] [--device DEVICE] [--seed SEED]
                        [--resume RESUME] [--start_epoch N]
                        [--num_workers NUM_WORKERS] [--pin_mem] [--no_pin_mem]
                        [--world_size WORLD_SIZE] [--local_rank LOCAL_RANK]
                        [--dist_on_itp] [--dist_url DIST_URL]
MAE pre-training: error: unrecognized arguments:  
